-------------------------------------------------------------------------------
Test set: Payment Gateway Functional Test
-------------------------------------------------------------------------------
Tests run: 9, Failures: 0, Errors: 9, Skipped: 0, Time elapsed: 0.183 s <<< FAILURE! - in Payment Gateway Functional Test
Payment Gateway Functional Test.Verify The header  Time elapsed: 0.091 s  <<< ERROR!
io.cucumber.junit.UndefinedStepException: 
The step 'The user wants to go to Guru99Demo web page' and 1 other step(s) are undefined.
You can implement these steps using the snippet(s) below:

@Given("The user wants to go to Guru99Demo web page")
public void the_user_wants_to_go_to_guru99demo_web_page() {
    // Write code here that turns the phrase above into concrete actions
    throw new io.cucumber.java.PendingException();
}
@Then("The user wants to verify the header {string}")
public void the_user_wants_to_verify_the_header(String string) {
    // Write code here that turns the phrase above into concrete actions
    throw new io.cucumber.java.PendingException();
}


Payment Gateway Functional Test.Verify the toy price is 20$  Time elapsed: 0.005 s  <<< ERROR!
io.cucumber.junit.UndefinedStepException: 
The step 'The user wants to go to Guru99Demo web page' and 1 other step(s) are undefined.
You can implement these steps using the snippet(s) below:

@Given("The user wants to go to Guru99Demo web page")
public void the_user_wants_to_go_to_guru99demo_web_page() {
    // Write code here that turns the phrase above into concrete actions
    throw new io.cucumber.java.PendingException();
}
@Then("The user wants to verify that the toy price is {string}")
public void the_user_wants_to_verify_that_the_toy_price_is(String string) {
    // Write code here that turns the phrase above into concrete actions
    throw new io.cucumber.java.PendingException();
}


Payment Gateway Functional Test.Verify the Url contain “payment-gateway”  Time elapsed: 0.004 s  <<< ERROR!
io.cucumber.junit.UndefinedStepException: 
The step 'The user wants to go to Guru99Demo web page' and 1 other step(s) are undefined.
You can implement these steps using the snippet(s) below:

@Given("The user wants to go to Guru99Demo web page")
public void the_user_wants_to_go_to_guru99demo_web_page() {
    // Write code here that turns the phrase above into concrete actions
    throw new io.cucumber.java.PendingException();
}
@Then("The user wants to verify that Url contains {string}")
public void the_user_wants_to_verify_that_url_contains(String string) {
    // Write code here that turns the phrase above into concrete actions
    throw new io.cucumber.java.PendingException();
}


Payment Gateway Functional Test.Verify the the quantity as "5"  Time elapsed: 0.014 s  <<< ERROR!
io.cucumber.junit.UndefinedStepException: 
The step 'The user wants to go to Guru99Demo web page' and 5 other step(s) are undefined.
You can implement these steps using the snippet(s) below:

@Given("The user wants to go to Guru99Demo web page")
public void the_user_wants_to_go_to_guru99demo_web_page() {
    // Write code here that turns the phrase above into concrete actions
    throw new io.cucumber.java.PendingException();
}
@When("The user wants to buy elephant toys as {string}")
public void the_user_wants_to_buy_elephant_toys_as(String string) {
    // Write code here that turns the phrase above into concrete actions
    throw new io.cucumber.java.PendingException();
}
@Then("The user wants to click pay now Button")
public void the_user_wants_to_click_pay_now_button() {
    // Write code here that turns the phrase above into concrete actions
    throw new io.cucumber.java.PendingException();
}
@Then("The user wants to enter payment information as")
public void the_user_wants_to_enter_payment_information_as(io.cucumber.datatable.DataTable dataTable) {
    // Write code here that turns the phrase above into concrete actions
    // For automatic transformation, change DataTable to one of
    // E, List<E>, List<List<E>>, List<Map<K,V>>, Map<K,V> or
    // Map<K, List<V>>. E,K,V must be a String, Integer, Float,
    // Double, Byte, Short, Long, BigInteger or BigDecimal.
    //
    // For other transformations you can register a DataTableType.
    throw new io.cucumber.java.PendingException();
}
@Then("The user wants to click on pay now button")
public void the_user_wants_to_click_on_pay_now_button() {
    // Write code here that turns the phrase above into concrete actions
    throw new io.cucumber.java.PendingException();
}
@Then("The user wants to verify message as {string}")
public void the_user_wants_to_verify_message_as(String string) {
    // Write code here that turns the phrase above into concrete actions
    throw new io.cucumber.java.PendingException();
}


Payment Gateway Functional Test.Verify the various quantity #1  Time elapsed: 0.014 s  <<< ERROR!
io.cucumber.junit.UndefinedStepException: 
The step 'The user wants to go to Guru99Demo web page' and 7 other step(s) are undefined.
You can implement these steps using the snippet(s) below:

@Given("The user wants to go to Guru99Demo web page")
public void the_user_wants_to_go_to_guru99demo_web_page() {
    // Write code here that turns the phrase above into concrete actions
    throw new io.cucumber.java.PendingException();
}
@When("The user wants to verify the header {string}")
public void the_user_wants_to_verify_the_header(String string) {
    // Write code here that turns the phrase above into concrete actions
    throw new io.cucumber.java.PendingException();
}
@Then("The user wants to verify that the toy price is {string}")
public void the_user_wants_to_verify_that_the_toy_price_is(String string) {
    // Write code here that turns the phrase above into concrete actions
    throw new io.cucumber.java.PendingException();
}
@Then("The user wants to verify that Url contains {string}")
public void the_user_wants_to_verify_that_url_contains(String string) {
    // Write code here that turns the phrase above into concrete actions
    throw new io.cucumber.java.PendingException();
}
@Then("The user wants to add new {string}")
public void the_user_wants_to_add_new(String string) {
    // Write code here that turns the phrase above into concrete actions
    throw new io.cucumber.java.PendingException();
}
@Then("The user wants to enter payment information as")
public void the_user_wants_to_enter_payment_information_as(io.cucumber.datatable.DataTable dataTable) {
    // Write code here that turns the phrase above into concrete actions
    // For automatic transformation, change DataTable to one of
    // E, List<E>, List<List<E>>, List<Map<K,V>>, Map<K,V> or
    // Map<K, List<V>>. E,K,V must be a String, Integer, Float,
    // Double, Byte, Short, Long, BigInteger or BigDecimal.
    //
    // For other transformations you can register a DataTableType.
    throw new io.cucumber.java.PendingException();
}
@Then("The user wants to click on pay now button")
public void the_user_wants_to_click_on_pay_now_button() {
    // Write code here that turns the phrase above into concrete actions
    throw new io.cucumber.java.PendingException();
}
@Then("The user wants to verify message as {string}")
public void the_user_wants_to_verify_message_as(String string) {
    // Write code here that turns the phrase above into concrete actions
    throw new io.cucumber.java.PendingException();
}


Payment Gateway Functional Test.Verify the various quantity #2  Time elapsed: 0.012 s  <<< ERROR!
io.cucumber.junit.UndefinedStepException: 
The step 'The user wants to go to Guru99Demo web page' and 7 other step(s) are undefined.
You can implement these steps using the snippet(s) below:

@Given("The user wants to go to Guru99Demo web page")
public void the_user_wants_to_go_to_guru99demo_web_page() {
    // Write code here that turns the phrase above into concrete actions
    throw new io.cucumber.java.PendingException();
}
@When("The user wants to verify the header {string}")
public void the_user_wants_to_verify_the_header(String string) {
    // Write code here that turns the phrase above into concrete actions
    throw new io.cucumber.java.PendingException();
}
@Then("The user wants to verify that the toy price is {string}")
public void the_user_wants_to_verify_that_the_toy_price_is(String string) {
    // Write code here that turns the phrase above into concrete actions
    throw new io.cucumber.java.PendingException();
}
@Then("The user wants to verify that Url contains {string}")
public void the_user_wants_to_verify_that_url_contains(String string) {
    // Write code here that turns the phrase above into concrete actions
    throw new io.cucumber.java.PendingException();
}
@Then("The user wants to add new {string}")
public void the_user_wants_to_add_new(String string) {
    // Write code here that turns the phrase above into concrete actions
    throw new io.cucumber.java.PendingException();
}
@Then("The user wants to enter payment information as")
public void the_user_wants_to_enter_payment_information_as(io.cucumber.datatable.DataTable dataTable) {
    // Write code here that turns the phrase above into concrete actions
    // For automatic transformation, change DataTable to one of
    // E, List<E>, List<List<E>>, List<Map<K,V>>, Map<K,V> or
    // Map<K, List<V>>. E,K,V must be a String, Integer, Float,
    // Double, Byte, Short, Long, BigInteger or BigDecimal.
    //
    // For other transformations you can register a DataTableType.
    throw new io.cucumber.java.PendingException();
}
@Then("The user wants to click on pay now button")
public void the_user_wants_to_click_on_pay_now_button() {
    // Write code here that turns the phrase above into concrete actions
    throw new io.cucumber.java.PendingException();
}
@Then("The user wants to verify message as {string}")
public void the_user_wants_to_verify_message_as(String string) {
    // Write code here that turns the phrase above into concrete actions
    throw new io.cucumber.java.PendingException();
}


Payment Gateway Functional Test.Verify the various quantity #3  Time elapsed: 0.011 s  <<< ERROR!
io.cucumber.junit.UndefinedStepException: 
The step 'The user wants to go to Guru99Demo web page' and 7 other step(s) are undefined.
You can implement these steps using the snippet(s) below:

@Given("The user wants to go to Guru99Demo web page")
public void the_user_wants_to_go_to_guru99demo_web_page() {
    // Write code here that turns the phrase above into concrete actions
    throw new io.cucumber.java.PendingException();
}
@When("The user wants to verify the header {string}")
public void the_user_wants_to_verify_the_header(String string) {
    // Write code here that turns the phrase above into concrete actions
    throw new io.cucumber.java.PendingException();
}
@Then("The user wants to verify that the toy price is {string}")
public void the_user_wants_to_verify_that_the_toy_price_is(String string) {
    // Write code here that turns the phrase above into concrete actions
    throw new io.cucumber.java.PendingException();
}
@Then("The user wants to verify that Url contains {string}")
public void the_user_wants_to_verify_that_url_contains(String string) {
    // Write code here that turns the phrase above into concrete actions
    throw new io.cucumber.java.PendingException();
}
@Then("The user wants to add new {string}")
public void the_user_wants_to_add_new(String string) {
    // Write code here that turns the phrase above into concrete actions
    throw new io.cucumber.java.PendingException();
}
@Then("The user wants to enter payment information as")
public void the_user_wants_to_enter_payment_information_as(io.cucumber.datatable.DataTable dataTable) {
    // Write code here that turns the phrase above into concrete actions
    // For automatic transformation, change DataTable to one of
    // E, List<E>, List<List<E>>, List<Map<K,V>>, Map<K,V> or
    // Map<K, List<V>>. E,K,V must be a String, Integer, Float,
    // Double, Byte, Short, Long, BigInteger or BigDecimal.
    //
    // For other transformations you can register a DataTableType.
    throw new io.cucumber.java.PendingException();
}
@Then("The user wants to click on pay now button")
public void the_user_wants_to_click_on_pay_now_button() {
    // Write code here that turns the phrase above into concrete actions
    throw new io.cucumber.java.PendingException();
}
@Then("The user wants to verify message as {string}")
public void the_user_wants_to_verify_message_as(String string) {
    // Write code here that turns the phrase above into concrete actions
    throw new io.cucumber.java.PendingException();
}


Payment Gateway Functional Test.Verify the various quantity #4  Time elapsed: 0.018 s  <<< ERROR!
io.cucumber.junit.UndefinedStepException: 
The step 'The user wants to go to Guru99Demo web page' and 7 other step(s) are undefined.
You can implement these steps using the snippet(s) below:

@Given("The user wants to go to Guru99Demo web page")
public void the_user_wants_to_go_to_guru99demo_web_page() {
    // Write code here that turns the phrase above into concrete actions
    throw new io.cucumber.java.PendingException();
}
@When("The user wants to verify the header {string}")
public void the_user_wants_to_verify_the_header(String string) {
    // Write code here that turns the phrase above into concrete actions
    throw new io.cucumber.java.PendingException();
}
@Then("The user wants to verify that the toy price is {string}")
public void the_user_wants_to_verify_that_the_toy_price_is(String string) {
    // Write code here that turns the phrase above into concrete actions
    throw new io.cucumber.java.PendingException();
}
@Then("The user wants to verify that Url contains {string}")
public void the_user_wants_to_verify_that_url_contains(String string) {
    // Write code here that turns the phrase above into concrete actions
    throw new io.cucumber.java.PendingException();
}
@Then("The user wants to add new {string}")
public void the_user_wants_to_add_new(String string) {
    // Write code here that turns the phrase above into concrete actions
    throw new io.cucumber.java.PendingException();
}
@Then("The user wants to enter payment information as")
public void the_user_wants_to_enter_payment_information_as(io.cucumber.datatable.DataTable dataTable) {
    // Write code here that turns the phrase above into concrete actions
    // For automatic transformation, change DataTable to one of
    // E, List<E>, List<List<E>>, List<Map<K,V>>, Map<K,V> or
    // Map<K, List<V>>. E,K,V must be a String, Integer, Float,
    // Double, Byte, Short, Long, BigInteger or BigDecimal.
    //
    // For other transformations you can register a DataTableType.
    throw new io.cucumber.java.PendingException();
}
@Then("The user wants to click on pay now button")
public void the_user_wants_to_click_on_pay_now_button() {
    // Write code here that turns the phrase above into concrete actions
    throw new io.cucumber.java.PendingException();
}
@Then("The user wants to verify message as {string}")
public void the_user_wants_to_verify_message_as(String string) {
    // Write code here that turns the phrase above into concrete actions
    throw new io.cucumber.java.PendingException();
}


Payment Gateway Functional Test.Verify the various quantity #5  Time elapsed: 0.011 s  <<< ERROR!
io.cucumber.junit.UndefinedStepException: 
The step 'The user wants to go to Guru99Demo web page' and 7 other step(s) are undefined.
You can implement these steps using the snippet(s) below:

@Given("The user wants to go to Guru99Demo web page")
public void the_user_wants_to_go_to_guru99demo_web_page() {
    // Write code here that turns the phrase above into concrete actions
    throw new io.cucumber.java.PendingException();
}
@When("The user wants to verify the header {string}")
public void the_user_wants_to_verify_the_header(String string) {
    // Write code here that turns the phrase above into concrete actions
    throw new io.cucumber.java.PendingException();
}
@Then("The user wants to verify that the toy price is {string}")
public void the_user_wants_to_verify_that_the_toy_price_is(String string) {
    // Write code here that turns the phrase above into concrete actions
    throw new io.cucumber.java.PendingException();
}
@Then("The user wants to verify that Url contains {string}")
public void the_user_wants_to_verify_that_url_contains(String string) {
    // Write code here that turns the phrase above into concrete actions
    throw new io.cucumber.java.PendingException();
}
@Then("The user wants to add new {string}")
public void the_user_wants_to_add_new(String string) {
    // Write code here that turns the phrase above into concrete actions
    throw new io.cucumber.java.PendingException();
}
@Then("The user wants to enter payment information as")
public void the_user_wants_to_enter_payment_information_as(io.cucumber.datatable.DataTable dataTable) {
    // Write code here that turns the phrase above into concrete actions
    // For automatic transformation, change DataTable to one of
    // E, List<E>, List<List<E>>, List<Map<K,V>>, Map<K,V> or
    // Map<K, List<V>>. E,K,V must be a String, Integer, Float,
    // Double, Byte, Short, Long, BigInteger or BigDecimal.
    //
    // For other transformations you can register a DataTableType.
    throw new io.cucumber.java.PendingException();
}
@Then("The user wants to click on pay now button")
public void the_user_wants_to_click_on_pay_now_button() {
    // Write code here that turns the phrase above into concrete actions
    throw new io.cucumber.java.PendingException();
}
@Then("The user wants to verify message as {string}")
public void the_user_wants_to_verify_message_as(String string) {
    // Write code here that turns the phrase above into concrete actions
    throw new io.cucumber.java.PendingException();
}


