<?xml version="1.0" encoding="UTF-8"?>
<testsuite xmlns:xsi="http://www.w3.org/2001/XMLSchema-instance" xsi:noNamespaceSchemaLocation="https://maven.apache.org/surefire/maven-surefire-plugin/xsd/surefire-test-report-3.0.xsd" version="3.0" name="Payment Gateway Functional Test" time="7.364" tests="3" errors="0" skipped="0" failures="0">
  <properties>
[...]
</properties>
  <testcase name="Verify The header" classname="Payment Gateway Functional Test" time="5.917">
    <system-out><![CDATA[&amp#27;[32m&amp#27;[1m┌───────────────────────────────────────────────────────────────────────────────────┐&amp#27;[0m
&amp#27;[32m&amp#27;[1m│&amp#27;[0m Share your Cucumber Report with your team at &amp#27;[36m&amp#27;[1m&amp#27;[4mhttps://reports.cucumber.io&amp#27;[0m          &amp#27;[32m&amp#27;[1m│&amp#27;[0m
&amp#27;[32m&amp#27;[1m│&amp#27;[0m Activate publishing with one of the following:                                    &amp#27;[32m&amp#27;[1m│&amp#27;[0m
&amp#27;[32m&amp#27;[1m│&amp#27;[0m                                                                                   &amp#27;[32m&amp#27;[1m│&amp#27;[0m
&amp#27;[32m&amp#27;[1m│&amp#27;[0m src/test/resources/cucumber.properties:          &amp#27;[36mcucumber.publish.enabled&amp#27;[0m=&amp#27;[36mtrue&amp#27;[0m    &amp#27;[32m&amp#27;[1m│&amp#27;[0m
&amp#27;[32m&amp#27;[1m│&amp#27;[0m src/test/resources/junit-platform.properties:    &amp#27;[36mcucumber.publish.enabled&amp#27;[0m=&amp#27;[36mtrue&amp#27;[0m    &amp#27;[32m&amp#27;[1m│&amp#27;[0m
&amp#27;[32m&amp#27;[1m│&amp#27;[0m Environment variable:                            &amp#27;[36mCUCUMBER_PUBLISH_ENABLED&amp#27;[0m=&amp#27;[36mtrue&amp#27;[0m    &amp#27;[32m&amp#27;[1m│&amp#27;[0m
&amp#27;[32m&amp#27;[1m│&amp#27;[0m JUnit:                                           &amp#27;[36m@CucumberOptions&amp#27;[0m(publish = &amp#27;[36mtrue&amp#27;[0m) &amp#27;[32m&amp#27;[1m│&amp#27;[0m
&amp#27;[32m&amp#27;[1m│&amp#27;[0m                                                                                   &amp#27;[32m&amp#27;[1m│&amp#27;[0m
&amp#27;[32m&amp#27;[1m│&amp#27;[0m More information at &amp#27;[36mhttps://cucumber.io/docs/cucumber/environment-variables/&amp#27;[0m      &amp#27;[32m&amp#27;[1m│&amp#27;[0m
&amp#27;[32m&amp#27;[1m│&amp#27;[0m                                                                                   &amp#27;[32m&amp#27;[1m│&amp#27;[0m
&amp#27;[32m&amp#27;[1m│&amp#27;[0m Disable this message with one of the following:                                   &amp#27;[32m&amp#27;[1m│&amp#27;[0m
&amp#27;[32m&amp#27;[1m│&amp#27;[0m                                                                                   &amp#27;[32m&amp#27;[1m│&amp#27;[0m
&amp#27;[32m&amp#27;[1m│&amp#27;[0m src/test/resources/cucumber.properties:          &amp#27;[36mcucumber.publish.quiet&amp#27;[0m=&amp#27;[36mtrue&amp#27;[0m      &amp#27;[32m&amp#27;[1m│&amp#27;[0m
&amp#27;[32m&amp#27;[1m│&amp#27;[0m src/test/resources/junit-platform.properties:    &amp#27;[36mcucumber.publish.quiet&amp#27;[0m=&amp#27;[36mtrue&amp#27;[0m      &amp#27;[32m&amp#27;[1m│&amp#27;[0m
&amp#27;[32m&amp#27;[1m└───────────────────────────────────────────────────────────────────────────────────┘&amp#27;[0m


@Smoke @TC01 @Regression
Scenario: Verify The header                                                       &amp#27;[90m# src/test/resources/Lab06.feature:4&amp#27;[0m
2022-11-01 20:02:02 INFO  Hooks:20 - Driver is successfully started
v  &amp#27;[32mGiven &amp#27;[0m&amp#27;[32mThe user wants to go to Guru99Demo web page&amp#27;[0m                               &amp#27;[90m# seray.StepsDefinitions.Guru99Steps.the_user_wants_to_go_to_guru99demo_web_page()&amp#27;[0m
  &amp#27;[32mThen &amp#27;[0m&amp#27;[32mThe user wants to verify the header &amp#27;[0m&amp#27;[32m&amp#27;[1m"Mother Elephant With Babies Soft Toy"&amp#27;[0m &amp#27;[90m# seray.StepsDefinitions.Guru99Steps.the_user_wants_to_verify_the_header(java.lang.String)&amp#27;[0m
]]></system-out>
    <system-err><![CDATA[SLF4J: Failed to load class "org.slf4j.impl.StaticLoggerBinder".
SLF4J: Defaulting to no-operation (NOP) logger implementation
SLF4J: See http://www.slf4j.org/codes.html#StaticLoggerBinder for further details.
Starting ChromeDriver 107.0.5304.62 (1eec40d3a5764881c92085aaee66d25075c159aa-refs/branch-heads/5304@{#942}) on port 10075
Only local connections are allowed.
Please see https://chromedriver.chromium.org/security-considerations for suggestions on keeping ChromeDriver safe.
ChromeDriver was started successfully.
Nov. 01, 2022 8:02:02 P.M. org.openqa.selenium.remote.ProtocolHandshake createSession
INFO: Detected dialect: W3C
]]></system-err>
  </testcase>
  <testcase name="Verify the toy price is 20$" classname="Payment Gateway Functional Test" time="0.758">
    <system-out><![CDATA[
@TC02 @Smoke @Regression
Scenario: Verify the toy price is 20$                              &amp#27;[90m# src/test/resources/Lab06.feature:9&amp#27;[0m
2022-11-01 20:02:05 INFO  Hooks:20 - Driver is successfully started
v  &amp#27;[32mGiven &amp#27;[0m&amp#27;[32mThe user wants to go to Guru99Demo web page&amp#27;[0m                &amp#27;[90m# seray.StepsDefinitions.Guru99Steps.the_user_wants_to_go_to_guru99demo_web_page()&amp#27;[0m
2022-11-01 20:02:06 INFO  Guru99HomePage:41 - Toy price is verified
v  &amp#27;[32mThen &amp#27;[0m&amp#27;[32mThe user wants to verify that the toy price is &amp#27;[0m&amp#27;[32m&amp#27;[1m"Price: $20"&amp#27;[0m &amp#27;[90m# seray.StepsDefinitions.Guru99Steps.the_user_wants_to_verify_that_the_toy_price_is(java.lang.String)&amp#27;[0m
]]></system-out>
  </testcase>
  <testcase name="Verify the Url contain “payment-gateway”" classname="Payment Gateway Functional Test" time="0.689">
    <system-out><![CDATA[
@TC03 @Smoke @Regression
Scenario: Verify the Url contain “payment-gateway”                  &amp#27;[90m# src/test/resources/Lab06.feature:14&amp#27;[0m
2022-11-01 20:02:06 INFO  Hooks:20 - Driver is successfully started
v  &amp#27;[32mGiven &amp#27;[0m&amp#27;[32mThe user wants to go to Guru99Demo web page&amp#27;[0m                 &amp#27;[90m# seray.StepsDefinitions.Guru99Steps.the_user_wants_to_go_to_guru99demo_web_page()&amp#27;[0m
  &amp#27;[32mThen &amp#27;[0m&amp#27;[32mThe user wants to verify that Url contains &amp#27;[0m&amp#27;[32m&amp#27;[1m"payment-gateway"&amp#27;[0m &amp#27;[90m# seray.StepsDefinitions.Guru99Steps.the_user_wants_to_verify_that_url_contains(java.lang.String)&amp#27;[0m
]]></system-out>
  </testcase>
</testsuite>