<?xml version="1.0" encoding="UTF-8"?>
<testsuite xmlns:xsi="http://www.w3.org/2001/XMLSchema-instance" xsi:noNamespaceSchemaLocation="https://maven.apache.org/surefire/maven-surefire-plugin/xsd/surefire-test-report-3.0.xsd" version="3.0" name="Payment Gateway Functional Test" time="0.183" tests="9" errors="9" skipped="0" failures="0">
  <properties>
[...]
</properties>
  <testcase name="Verify The header" classname="Payment Gateway Functional Test" time="0.091">
    <error message="The step &apos;The user wants to go to Guru99Demo web page&apos; and 1 other step(s) are undefined.&#10;You can implement these steps using the snippet(s) below:&#10;&#10;@Given(&quot;The user wants to go to Guru99Demo web page&quot;)&#10;public void the_user_wants_to_go_to_guru99demo_web_page() {&#10;    // Write code here that turns the phrase above into concrete actions&#10;    throw new io.cucumber.java.PendingException();&#10;}&#10;@Then(&quot;The user wants to verify the header {string}&quot;)&#10;public void the_user_wants_to_verify_the_header(String string) {&#10;    // Write code here that turns the phrase above into concrete actions&#10;    throw new io.cucumber.java.PendingException();&#10;}&#10;" type="io.cucumber.junit.UndefinedStepException"><![CDATA[io.cucumber.junit.UndefinedStepException: 
The step 'The user wants to go to Guru99Demo web page' and 1 other step(s) are undefined.
You can implement these steps using the snippet(s) below:

@Given("The user wants to go to Guru99Demo web page")
public void the_user_wants_to_go_to_guru99demo_web_page() {
    // Write code here that turns the phrase above into concrete actions
    throw new io.cucumber.java.PendingException();
}
@Then("The user wants to verify the header {string}")
public void the_user_wants_to_verify_the_header(String string) {
    // Write code here that turns the phrase above into concrete actions
    throw new io.cucumber.java.PendingException();
}

]]></error>
    <system-out><![CDATA[&amp#27;[32m&amp#27;[1m┌───────────────────────────────────────────────────────────────────────────────────┐&amp#27;[0m
&amp#27;[32m&amp#27;[1m│&amp#27;[0m Share your Cucumber Report with your team at &amp#27;[36m&amp#27;[1m&amp#27;[4mhttps://reports.cucumber.io&amp#27;[0m          &amp#27;[32m&amp#27;[1m│&amp#27;[0m
&amp#27;[32m&amp#27;[1m│&amp#27;[0m Activate publishing with one of the following:                                    &amp#27;[32m&amp#27;[1m│&amp#27;[0m
&amp#27;[32m&amp#27;[1m│&amp#27;[0m                                                                                   &amp#27;[32m&amp#27;[1m│&amp#27;[0m
&amp#27;[32m&amp#27;[1m│&amp#27;[0m src/test/resources/cucumber.properties:          &amp#27;[36mcucumber.publish.enabled&amp#27;[0m=&amp#27;[36mtrue&amp#27;[0m    &amp#27;[32m&amp#27;[1m│&amp#27;[0m
&amp#27;[32m&amp#27;[1m│&amp#27;[0m src/test/resources/junit-platform.properties:    &amp#27;[36mcucumber.publish.enabled&amp#27;[0m=&amp#27;[36mtrue&amp#27;[0m    &amp#27;[32m&amp#27;[1m│&amp#27;[0m
&amp#27;[32m&amp#27;[1m│&amp#27;[0m Environment variable:                            &amp#27;[36mCUCUMBER_PUBLISH_ENABLED&amp#27;[0m=&amp#27;[36mtrue&amp#27;[0m    &amp#27;[32m&amp#27;[1m│&amp#27;[0m
&amp#27;[32m&amp#27;[1m│&amp#27;[0m JUnit:                                           &amp#27;[36m@CucumberOptions&amp#27;[0m(publish = &amp#27;[36mtrue&amp#27;[0m) &amp#27;[32m&amp#27;[1m│&amp#27;[0m
&amp#27;[32m&amp#27;[1m│&amp#27;[0m                                                                                   &amp#27;[32m&amp#27;[1m│&amp#27;[0m
&amp#27;[32m&amp#27;[1m│&amp#27;[0m More information at &amp#27;[36mhttps://cucumber.io/docs/cucumber/environment-variables/&amp#27;[0m      &amp#27;[32m&amp#27;[1m│&amp#27;[0m
&amp#27;[32m&amp#27;[1m│&amp#27;[0m                                                                                   &amp#27;[32m&amp#27;[1m│&amp#27;[0m
&amp#27;[32m&amp#27;[1m│&amp#27;[0m Disable this message with one of the following:                                   &amp#27;[32m&amp#27;[1m│&amp#27;[0m
&amp#27;[32m&amp#27;[1m│&amp#27;[0m                                                                                   &amp#27;[32m&amp#27;[1m│&amp#27;[0m
&amp#27;[32m&amp#27;[1m│&amp#27;[0m src/test/resources/cucumber.properties:          &amp#27;[36mcucumber.publish.quiet&amp#27;[0m=&amp#27;[36mtrue&amp#27;[0m      &amp#27;[32m&amp#27;[1m│&amp#27;[0m
&amp#27;[32m&amp#27;[1m│&amp#27;[0m src/test/resources/junit-platform.properties:    &amp#27;[36mcucumber.publish.quiet&amp#27;[0m=&amp#27;[36mtrue&amp#27;[0m      &amp#27;[32m&amp#27;[1m│&amp#27;[0m
&amp#27;[32m&amp#27;[1m└───────────────────────────────────────────────────────────────────────────────────┘&amp#27;[0m


@Smoke @TC01 @Regression
Scenario: Verify The header                                                       &amp#27;[90m# src/test/resources/Lab06.feature:4&amp#27;[0m
  &amp#27;[33mGiven &amp#27;[0m&amp#27;[33mThe user wants to go to Guru99Demo web page&amp#27;[0m
  &amp#27;[36mThen &amp#27;[0m&amp#27;[36mThe user wants to verify the header "Mother Elephant With Babies Soft Toy"&amp#27;[0m
]]></system-out>
  </testcase>
  <testcase name="Verify the toy price is 20$" classname="Payment Gateway Functional Test" time="0.005">
    <error message="The step &apos;The user wants to go to Guru99Demo web page&apos; and 1 other step(s) are undefined.&#10;You can implement these steps using the snippet(s) below:&#10;&#10;@Given(&quot;The user wants to go to Guru99Demo web page&quot;)&#10;public void the_user_wants_to_go_to_guru99demo_web_page() {&#10;    // Write code here that turns the phrase above into concrete actions&#10;    throw new io.cucumber.java.PendingException();&#10;}&#10;@Then(&quot;The user wants to verify that the toy price is {string}&quot;)&#10;public void the_user_wants_to_verify_that_the_toy_price_is(String string) {&#10;    // Write code here that turns the phrase above into concrete actions&#10;    throw new io.cucumber.java.PendingException();&#10;}&#10;" type="io.cucumber.junit.UndefinedStepException"><![CDATA[io.cucumber.junit.UndefinedStepException: 
The step 'The user wants to go to Guru99Demo web page' and 1 other step(s) are undefined.
You can implement these steps using the snippet(s) below:

@Given("The user wants to go to Guru99Demo web page")
public void the_user_wants_to_go_to_guru99demo_web_page() {
    // Write code here that turns the phrase above into concrete actions
    throw new io.cucumber.java.PendingException();
}
@Then("The user wants to verify that the toy price is {string}")
public void the_user_wants_to_verify_that_the_toy_price_is(String string) {
    // Write code here that turns the phrase above into concrete actions
    throw new io.cucumber.java.PendingException();
}

]]></error>
    <system-out><![CDATA[
@TC02 @Smoke @Regression
Scenario: Verify the toy price is 20$                              &amp#27;[90m# src/test/resources/Lab06.feature:9&amp#27;[0m
  &amp#27;[33mGiven &amp#27;[0m&amp#27;[33mThe user wants to go to Guru99Demo web page&amp#27;[0m
  &amp#27;[36mThen &amp#27;[0m&amp#27;[36mThe user wants to verify that the toy price is "Price: $20"&amp#27;[0m
]]></system-out>
  </testcase>
  <testcase name="Verify the Url contain “payment-gateway”" classname="Payment Gateway Functional Test" time="0.004">
    <error message="The step &apos;The user wants to go to Guru99Demo web page&apos; and 1 other step(s) are undefined.&#10;You can implement these steps using the snippet(s) below:&#10;&#10;@Given(&quot;The user wants to go to Guru99Demo web page&quot;)&#10;public void the_user_wants_to_go_to_guru99demo_web_page() {&#10;    // Write code here that turns the phrase above into concrete actions&#10;    throw new io.cucumber.java.PendingException();&#10;}&#10;@Then(&quot;The user wants to verify that Url contains {string}&quot;)&#10;public void the_user_wants_to_verify_that_url_contains(String string) {&#10;    // Write code here that turns the phrase above into concrete actions&#10;    throw new io.cucumber.java.PendingException();&#10;}&#10;" type="io.cucumber.junit.UndefinedStepException"><![CDATA[io.cucumber.junit.UndefinedStepException: 
The step 'The user wants to go to Guru99Demo web page' and 1 other step(s) are undefined.
You can implement these steps using the snippet(s) below:

@Given("The user wants to go to Guru99Demo web page")
public void the_user_wants_to_go_to_guru99demo_web_page() {
    // Write code here that turns the phrase above into concrete actions
    throw new io.cucumber.java.PendingException();
}
@Then("The user wants to verify that Url contains {string}")
public void the_user_wants_to_verify_that_url_contains(String string) {
    // Write code here that turns the phrase above into concrete actions
    throw new io.cucumber.java.PendingException();
}

]]></error>
    <system-out><![CDATA[
@TC03 @Smoke @Regression
Scenario: Verify the Url contain “payment-gateway”                  &amp#27;[90m# src/test/resources/Lab06.feature:14&amp#27;[0m
  &amp#27;[33mGiven &amp#27;[0m&amp#27;[33mThe user wants to go to Guru99Demo web page&amp#27;[0m
  &amp#27;[36mThen &amp#27;[0m&amp#27;[36mThe user wants to verify that Url contains "payment-gateway"&amp#27;[0m
]]></system-out>
  </testcase>
  <testcase name="Verify the the quantity as &quot;5&quot;" classname="Payment Gateway Functional Test" time="0.014">
    <error message="The step &apos;The user wants to go to Guru99Demo web page&apos; and 5 other step(s) are undefined.&#10;You can implement these steps using the snippet(s) below:&#10;&#10;@Given(&quot;The user wants to go to Guru99Demo web page&quot;)&#10;public void the_user_wants_to_go_to_guru99demo_web_page() {&#10;    // Write code here that turns the phrase above into concrete actions&#10;    throw new io.cucumber.java.PendingException();&#10;}&#10;@When(&quot;The user wants to buy elephant toys as {string}&quot;)&#10;public void the_user_wants_to_buy_elephant_toys_as(String string) {&#10;    // Write code here that turns the phrase above into concrete actions&#10;    throw new io.cucumber.java.PendingException();&#10;}&#10;@Then(&quot;The user wants to click pay now Button&quot;)&#10;public void the_user_wants_to_click_pay_now_button() {&#10;    // Write code here that turns the phrase above into concrete actions&#10;    throw new io.cucumber.java.PendingException();&#10;}&#10;@Then(&quot;The user wants to enter payment information as&quot;)&#10;public void the_user_wants_to_enter_payment_information_as(io.cucumber.datatable.DataTable dataTable) {&#10;    // Write code here that turns the phrase above into concrete actions&#10;    // For automatic transformation, change DataTable to one of&#10;    // E, List&lt;E&gt;, List&lt;List&lt;E&gt;&gt;, List&lt;Map&lt;K,V&gt;&gt;, Map&lt;K,V&gt; or&#10;    // Map&lt;K, List&lt;V&gt;&gt;. E,K,V must be a String, Integer, Float,&#10;    // Double, Byte, Short, Long, BigInteger or BigDecimal.&#10;    //&#10;    // For other transformations you can register a DataTableType.&#10;    throw new io.cucumber.java.PendingException();&#10;}&#10;@Then(&quot;The user wants to click on pay now button&quot;)&#10;public void the_user_wants_to_click_on_pay_now_button() {&#10;    // Write code here that turns the phrase above into concrete actions&#10;    throw new io.cucumber.java.PendingException();&#10;}&#10;@Then(&quot;The user wants to verify message as {string}&quot;)&#10;public void the_user_wants_to_verify_message_as(String string) {&#10;    // Write code here that turns the phrase above into concrete actions&#10;    throw new io.cucumber.java.PendingException();&#10;}&#10;" type="io.cucumber.junit.UndefinedStepException"><![CDATA[io.cucumber.junit.UndefinedStepException: 
The step 'The user wants to go to Guru99Demo web page' and 5 other step(s) are undefined.
You can implement these steps using the snippet(s) below:

@Given("The user wants to go to Guru99Demo web page")
public void the_user_wants_to_go_to_guru99demo_web_page() {
    // Write code here that turns the phrase above into concrete actions
    throw new io.cucumber.java.PendingException();
}
@When("The user wants to buy elephant toys as {string}")
public void the_user_wants_to_buy_elephant_toys_as(String string) {
    // Write code here that turns the phrase above into concrete actions
    throw new io.cucumber.java.PendingException();
}
@Then("The user wants to click pay now Button")
public void the_user_wants_to_click_pay_now_button() {
    // Write code here that turns the phrase above into concrete actions
    throw new io.cucumber.java.PendingException();
}
@Then("The user wants to enter payment information as")
public void the_user_wants_to_enter_payment_information_as(io.cucumber.datatable.DataTable dataTable) {
    // Write code here that turns the phrase above into concrete actions
    // For automatic transformation, change DataTable to one of
    // E, List<E>, List<List<E>>, List<Map<K,V>>, Map<K,V> or
    // Map<K, List<V>>. E,K,V must be a String, Integer, Float,
    // Double, Byte, Short, Long, BigInteger or BigDecimal.
    //
    // For other transformations you can register a DataTableType.
    throw new io.cucumber.java.PendingException();
}
@Then("The user wants to click on pay now button")
public void the_user_wants_to_click_on_pay_now_button() {
    // Write code here that turns the phrase above into concrete actions
    throw new io.cucumber.java.PendingException();
}
@Then("The user wants to verify message as {string}")
public void the_user_wants_to_verify_message_as(String string) {
    // Write code here that turns the phrase above into concrete actions
    throw new io.cucumber.java.PendingException();
}

]]></error>
    <system-out><![CDATA[
@TC04 @Regression
Scenario: Verify the the quantity as "5"                         &amp#27;[90m# src/test/resources/Lab06.feature:19&amp#27;[0m
  &amp#27;[33mGiven &amp#27;[0m&amp#27;[33mThe user wants to go to Guru99Demo web page&amp#27;[0m
  &amp#27;[36mWhen &amp#27;[0m&amp#27;[36mThe user wants to buy elephant toys as "5"&amp#27;[0m
  &amp#27;[36mThen &amp#27;[0m&amp#27;[36mThe user wants to click pay now Button&amp#27;[0m
  &amp#27;[36mAnd &amp#27;[0m&amp#27;[36mThe user wants to enter payment information as&amp#27;[0m
    | CardNumber      | 1111111111111111 |
    | ExpirationMonth | 12               |
    | ExpirationYear  | 2022             |
    | CVVCode         | 123              |
  &amp#27;[36mThen &amp#27;[0m&amp#27;[36mThe user wants to click on pay now button&amp#27;[0m
  &amp#27;[36mAnd &amp#27;[0m&amp#27;[36mThe user wants to verify message as "Payment successfull!"&amp#27;[0m
]]></system-out>
  </testcase>
  <testcase name="Verify the various quantity #1" classname="Payment Gateway Functional Test" time="0.014">
    <error message="The step &apos;The user wants to go to Guru99Demo web page&apos; and 7 other step(s) are undefined.&#10;You can implement these steps using the snippet(s) below:&#10;&#10;@Given(&quot;The user wants to go to Guru99Demo web page&quot;)&#10;public void the_user_wants_to_go_to_guru99demo_web_page() {&#10;    // Write code here that turns the phrase above into concrete actions&#10;    throw new io.cucumber.java.PendingException();&#10;}&#10;@When(&quot;The user wants to verify the header {string}&quot;)&#10;public void the_user_wants_to_verify_the_header(String string) {&#10;    // Write code here that turns the phrase above into concrete actions&#10;    throw new io.cucumber.java.PendingException();&#10;}&#10;@Then(&quot;The user wants to verify that the toy price is {string}&quot;)&#10;public void the_user_wants_to_verify_that_the_toy_price_is(String string) {&#10;    // Write code here that turns the phrase above into concrete actions&#10;    throw new io.cucumber.java.PendingException();&#10;}&#10;@Then(&quot;The user wants to verify that Url contains {string}&quot;)&#10;public void the_user_wants_to_verify_that_url_contains(String string) {&#10;    // Write code here that turns the phrase above into concrete actions&#10;    throw new io.cucumber.java.PendingException();&#10;}&#10;@Then(&quot;The user wants to add new {string}&quot;)&#10;public void the_user_wants_to_add_new(String string) {&#10;    // Write code here that turns the phrase above into concrete actions&#10;    throw new io.cucumber.java.PendingException();&#10;}&#10;@Then(&quot;The user wants to enter payment information as&quot;)&#10;public void the_user_wants_to_enter_payment_information_as(io.cucumber.datatable.DataTable dataTable) {&#10;    // Write code here that turns the phrase above into concrete actions&#10;    // For automatic transformation, change DataTable to one of&#10;    // E, List&lt;E&gt;, List&lt;List&lt;E&gt;&gt;, List&lt;Map&lt;K,V&gt;&gt;, Map&lt;K,V&gt; or&#10;    // Map&lt;K, List&lt;V&gt;&gt;. E,K,V must be a String, Integer, Float,&#10;    // Double, Byte, Short, Long, BigInteger or BigDecimal.&#10;    //&#10;    // For other transformations you can register a DataTableType.&#10;    throw new io.cucumber.java.PendingException();&#10;}&#10;@Then(&quot;The user wants to click on pay now button&quot;)&#10;public void the_user_wants_to_click_on_pay_now_button() {&#10;    // Write code here that turns the phrase above into concrete actions&#10;    throw new io.cucumber.java.PendingException();&#10;}&#10;@Then(&quot;The user wants to verify message as {string}&quot;)&#10;public void the_user_wants_to_verify_message_as(String string) {&#10;    // Write code here that turns the phrase above into concrete actions&#10;    throw new io.cucumber.java.PendingException();&#10;}&#10;" type="io.cucumber.junit.UndefinedStepException"><![CDATA[io.cucumber.junit.UndefinedStepException: 
The step 'The user wants to go to Guru99Demo web page' and 7 other step(s) are undefined.
You can implement these steps using the snippet(s) below:

@Given("The user wants to go to Guru99Demo web page")
public void the_user_wants_to_go_to_guru99demo_web_page() {
    // Write code here that turns the phrase above into concrete actions
    throw new io.cucumber.java.PendingException();
}
@When("The user wants to verify the header {string}")
public void the_user_wants_to_verify_the_header(String string) {
    // Write code here that turns the phrase above into concrete actions
    throw new io.cucumber.java.PendingException();
}
@Then("The user wants to verify that the toy price is {string}")
public void the_user_wants_to_verify_that_the_toy_price_is(String string) {
    // Write code here that turns the phrase above into concrete actions
    throw new io.cucumber.java.PendingException();
}
@Then("The user wants to verify that Url contains {string}")
public void the_user_wants_to_verify_that_url_contains(String string) {
    // Write code here that turns the phrase above into concrete actions
    throw new io.cucumber.java.PendingException();
}
@Then("The user wants to add new {string}")
public void the_user_wants_to_add_new(String string) {
    // Write code here that turns the phrase above into concrete actions
    throw new io.cucumber.java.PendingException();
}
@Then("The user wants to enter payment information as")
public void the_user_wants_to_enter_payment_information_as(io.cucumber.datatable.DataTable dataTable) {
    // Write code here that turns the phrase above into concrete actions
    // For automatic transformation, change DataTable to one of
    // E, List<E>, List<List<E>>, List<Map<K,V>>, Map<K,V> or
    // Map<K, List<V>>. E,K,V must be a String, Integer, Float,
    // Double, Byte, Short, Long, BigInteger or BigDecimal.
    //
    // For other transformations you can register a DataTableType.
    throw new io.cucumber.java.PendingException();
}
@Then("The user wants to click on pay now button")
public void the_user_wants_to_click_on_pay_now_button() {
    // Write code here that turns the phrase above into concrete actions
    throw new io.cucumber.java.PendingException();
}
@Then("The user wants to verify message as {string}")
public void the_user_wants_to_verify_message_as(String string) {
    // Write code here that turns the phrase above into concrete actions
    throw new io.cucumber.java.PendingException();
}

]]></error>
    <system-out><![CDATA[
@Regression
Scenario Outline: Verify the various quantity                                     &amp#27;[90m# src/test/resources/Lab06.feature:47&amp#27;[0m
  &amp#27;[33mGiven &amp#27;[0m&amp#27;[33mThe user wants to go to Guru99Demo web page&amp#27;[0m
  &amp#27;[36mWhen &amp#27;[0m&amp#27;[36mThe user wants to verify the header "Mother Elephant With Babies Soft Toy"&amp#27;[0m
  &amp#27;[36mThen &amp#27;[0m&amp#27;[36mThe user wants to verify that the toy price is "Price: $20"&amp#27;[0m
  &amp#27;[36mThen &amp#27;[0m&amp#27;[36mThe user wants to verify that Url contains "payment-gateway"&amp#27;[0m
  &amp#27;[36mAnd &amp#27;[0m&amp#27;[36mThe user wants to add new "5"&amp#27;[0m
  &amp#27;[36mAnd &amp#27;[0m&amp#27;[36mThe user wants to enter payment information as&amp#27;[0m
    | CardNumber      | 5823698521478522 |
    | ExpirationMonth | 05               |
    | ExpirationYear  | 2028             |
    | CVVCode         | 256              |
  &amp#27;[36mThen &amp#27;[0m&amp#27;[36mThe user wants to click on pay now button&amp#27;[0m
  &amp#27;[36mAnd &amp#27;[0m&amp#27;[36mThe user wants to verify message as "Payment successfull!"&amp#27;[0m
]]></system-out>
  </testcase>
  <testcase name="Verify the various quantity #2" classname="Payment Gateway Functional Test" time="0.012">
    <error message="The step &apos;The user wants to go to Guru99Demo web page&apos; and 7 other step(s) are undefined.&#10;You can implement these steps using the snippet(s) below:&#10;&#10;@Given(&quot;The user wants to go to Guru99Demo web page&quot;)&#10;public void the_user_wants_to_go_to_guru99demo_web_page() {&#10;    // Write code here that turns the phrase above into concrete actions&#10;    throw new io.cucumber.java.PendingException();&#10;}&#10;@When(&quot;The user wants to verify the header {string}&quot;)&#10;public void the_user_wants_to_verify_the_header(String string) {&#10;    // Write code here that turns the phrase above into concrete actions&#10;    throw new io.cucumber.java.PendingException();&#10;}&#10;@Then(&quot;The user wants to verify that the toy price is {string}&quot;)&#10;public void the_user_wants_to_verify_that_the_toy_price_is(String string) {&#10;    // Write code here that turns the phrase above into concrete actions&#10;    throw new io.cucumber.java.PendingException();&#10;}&#10;@Then(&quot;The user wants to verify that Url contains {string}&quot;)&#10;public void the_user_wants_to_verify_that_url_contains(String string) {&#10;    // Write code here that turns the phrase above into concrete actions&#10;    throw new io.cucumber.java.PendingException();&#10;}&#10;@Then(&quot;The user wants to add new {string}&quot;)&#10;public void the_user_wants_to_add_new(String string) {&#10;    // Write code here that turns the phrase above into concrete actions&#10;    throw new io.cucumber.java.PendingException();&#10;}&#10;@Then(&quot;The user wants to enter payment information as&quot;)&#10;public void the_user_wants_to_enter_payment_information_as(io.cucumber.datatable.DataTable dataTable) {&#10;    // Write code here that turns the phrase above into concrete actions&#10;    // For automatic transformation, change DataTable to one of&#10;    // E, List&lt;E&gt;, List&lt;List&lt;E&gt;&gt;, List&lt;Map&lt;K,V&gt;&gt;, Map&lt;K,V&gt; or&#10;    // Map&lt;K, List&lt;V&gt;&gt;. E,K,V must be a String, Integer, Float,&#10;    // Double, Byte, Short, Long, BigInteger or BigDecimal.&#10;    //&#10;    // For other transformations you can register a DataTableType.&#10;    throw new io.cucumber.java.PendingException();&#10;}&#10;@Then(&quot;The user wants to click on pay now button&quot;)&#10;public void the_user_wants_to_click_on_pay_now_button() {&#10;    // Write code here that turns the phrase above into concrete actions&#10;    throw new io.cucumber.java.PendingException();&#10;}&#10;@Then(&quot;The user wants to verify message as {string}&quot;)&#10;public void the_user_wants_to_verify_message_as(String string) {&#10;    // Write code here that turns the phrase above into concrete actions&#10;    throw new io.cucumber.java.PendingException();&#10;}&#10;" type="io.cucumber.junit.UndefinedStepException"><![CDATA[io.cucumber.junit.UndefinedStepException: 
The step 'The user wants to go to Guru99Demo web page' and 7 other step(s) are undefined.
You can implement these steps using the snippet(s) below:

@Given("The user wants to go to Guru99Demo web page")
public void the_user_wants_to_go_to_guru99demo_web_page() {
    // Write code here that turns the phrase above into concrete actions
    throw new io.cucumber.java.PendingException();
}
@When("The user wants to verify the header {string}")
public void the_user_wants_to_verify_the_header(String string) {
    // Write code here that turns the phrase above into concrete actions
    throw new io.cucumber.java.PendingException();
}
@Then("The user wants to verify that the toy price is {string}")
public void the_user_wants_to_verify_that_the_toy_price_is(String string) {
    // Write code here that turns the phrase above into concrete actions
    throw new io.cucumber.java.PendingException();
}
@Then("The user wants to verify that Url contains {string}")
public void the_user_wants_to_verify_that_url_contains(String string) {
    // Write code here that turns the phrase above into concrete actions
    throw new io.cucumber.java.PendingException();
}
@Then("The user wants to add new {string}")
public void the_user_wants_to_add_new(String string) {
    // Write code here that turns the phrase above into concrete actions
    throw new io.cucumber.java.PendingException();
}
@Then("The user wants to enter payment information as")
public void the_user_wants_to_enter_payment_information_as(io.cucumber.datatable.DataTable dataTable) {
    // Write code here that turns the phrase above into concrete actions
    // For automatic transformation, change DataTable to one of
    // E, List<E>, List<List<E>>, List<Map<K,V>>, Map<K,V> or
    // Map<K, List<V>>. E,K,V must be a String, Integer, Float,
    // Double, Byte, Short, Long, BigInteger or BigDecimal.
    //
    // For other transformations you can register a DataTableType.
    throw new io.cucumber.java.PendingException();
}
@Then("The user wants to click on pay now button")
public void the_user_wants_to_click_on_pay_now_button() {
    // Write code here that turns the phrase above into concrete actions
    throw new io.cucumber.java.PendingException();
}
@Then("The user wants to verify message as {string}")
public void the_user_wants_to_verify_message_as(String string) {
    // Write code here that turns the phrase above into concrete actions
    throw new io.cucumber.java.PendingException();
}

]]></error>
    <system-out><![CDATA[
@Regression
Scenario Outline: Verify the various quantity                                     &amp#27;[90m# src/test/resources/Lab06.feature:48&amp#27;[0m
  &amp#27;[33mGiven &amp#27;[0m&amp#27;[33mThe user wants to go to Guru99Demo web page&amp#27;[0m
  &amp#27;[36mWhen &amp#27;[0m&amp#27;[36mThe user wants to verify the header "Mother Elephant With Babies Soft Toy"&amp#27;[0m
  &amp#27;[36mThen &amp#27;[0m&amp#27;[36mThe user wants to verify that the toy price is "Price: $20"&amp#27;[0m
  &amp#27;[36mThen &amp#27;[0m&amp#27;[36mThe user wants to verify that Url contains "payment-gateway"&amp#27;[0m
  &amp#27;[36mAnd &amp#27;[0m&amp#27;[36mThe user wants to add new "8"&amp#27;[0m
  &amp#27;[36mAnd &amp#27;[0m&amp#27;[36mThe user wants to enter payment information as&amp#27;[0m
    | CardNumber      | 5823698521478522 |
    | ExpirationMonth | 05               |
    | ExpirationYear  | 2028             |
    | CVVCode         | 256              |
  &amp#27;[36mThen &amp#27;[0m&amp#27;[36mThe user wants to click on pay now button&amp#27;[0m
  &amp#27;[36mAnd &amp#27;[0m&amp#27;[36mThe user wants to verify message as "Payment successfull!"&amp#27;[0m
]]></system-out>
  </testcase>
  <testcase name="Verify the various quantity #3" classname="Payment Gateway Functional Test" time="0.011">
    <error message="The step &apos;The user wants to go to Guru99Demo web page&apos; and 7 other step(s) are undefined.&#10;You can implement these steps using the snippet(s) below:&#10;&#10;@Given(&quot;The user wants to go to Guru99Demo web page&quot;)&#10;public void the_user_wants_to_go_to_guru99demo_web_page() {&#10;    // Write code here that turns the phrase above into concrete actions&#10;    throw new io.cucumber.java.PendingException();&#10;}&#10;@When(&quot;The user wants to verify the header {string}&quot;)&#10;public void the_user_wants_to_verify_the_header(String string) {&#10;    // Write code here that turns the phrase above into concrete actions&#10;    throw new io.cucumber.java.PendingException();&#10;}&#10;@Then(&quot;The user wants to verify that the toy price is {string}&quot;)&#10;public void the_user_wants_to_verify_that_the_toy_price_is(String string) {&#10;    // Write code here that turns the phrase above into concrete actions&#10;    throw new io.cucumber.java.PendingException();&#10;}&#10;@Then(&quot;The user wants to verify that Url contains {string}&quot;)&#10;public void the_user_wants_to_verify_that_url_contains(String string) {&#10;    // Write code here that turns the phrase above into concrete actions&#10;    throw new io.cucumber.java.PendingException();&#10;}&#10;@Then(&quot;The user wants to add new {string}&quot;)&#10;public void the_user_wants_to_add_new(String string) {&#10;    // Write code here that turns the phrase above into concrete actions&#10;    throw new io.cucumber.java.PendingException();&#10;}&#10;@Then(&quot;The user wants to enter payment information as&quot;)&#10;public void the_user_wants_to_enter_payment_information_as(io.cucumber.datatable.DataTable dataTable) {&#10;    // Write code here that turns the phrase above into concrete actions&#10;    // For automatic transformation, change DataTable to one of&#10;    // E, List&lt;E&gt;, List&lt;List&lt;E&gt;&gt;, List&lt;Map&lt;K,V&gt;&gt;, Map&lt;K,V&gt; or&#10;    // Map&lt;K, List&lt;V&gt;&gt;. E,K,V must be a String, Integer, Float,&#10;    // Double, Byte, Short, Long, BigInteger or BigDecimal.&#10;    //&#10;    // For other transformations you can register a DataTableType.&#10;    throw new io.cucumber.java.PendingException();&#10;}&#10;@Then(&quot;The user wants to click on pay now button&quot;)&#10;public void the_user_wants_to_click_on_pay_now_button() {&#10;    // Write code here that turns the phrase above into concrete actions&#10;    throw new io.cucumber.java.PendingException();&#10;}&#10;@Then(&quot;The user wants to verify message as {string}&quot;)&#10;public void the_user_wants_to_verify_message_as(String string) {&#10;    // Write code here that turns the phrase above into concrete actions&#10;    throw new io.cucumber.java.PendingException();&#10;}&#10;" type="io.cucumber.junit.UndefinedStepException"><![CDATA[io.cucumber.junit.UndefinedStepException: 
The step 'The user wants to go to Guru99Demo web page' and 7 other step(s) are undefined.
You can implement these steps using the snippet(s) below:

@Given("The user wants to go to Guru99Demo web page")
public void the_user_wants_to_go_to_guru99demo_web_page() {
    // Write code here that turns the phrase above into concrete actions
    throw new io.cucumber.java.PendingException();
}
@When("The user wants to verify the header {string}")
public void the_user_wants_to_verify_the_header(String string) {
    // Write code here that turns the phrase above into concrete actions
    throw new io.cucumber.java.PendingException();
}
@Then("The user wants to verify that the toy price is {string}")
public void the_user_wants_to_verify_that_the_toy_price_is(String string) {
    // Write code here that turns the phrase above into concrete actions
    throw new io.cucumber.java.PendingException();
}
@Then("The user wants to verify that Url contains {string}")
public void the_user_wants_to_verify_that_url_contains(String string) {
    // Write code here that turns the phrase above into concrete actions
    throw new io.cucumber.java.PendingException();
}
@Then("The user wants to add new {string}")
public void the_user_wants_to_add_new(String string) {
    // Write code here that turns the phrase above into concrete actions
    throw new io.cucumber.java.PendingException();
}
@Then("The user wants to enter payment information as")
public void the_user_wants_to_enter_payment_information_as(io.cucumber.datatable.DataTable dataTable) {
    // Write code here that turns the phrase above into concrete actions
    // For automatic transformation, change DataTable to one of
    // E, List<E>, List<List<E>>, List<Map<K,V>>, Map<K,V> or
    // Map<K, List<V>>. E,K,V must be a String, Integer, Float,
    // Double, Byte, Short, Long, BigInteger or BigDecimal.
    //
    // For other transformations you can register a DataTableType.
    throw new io.cucumber.java.PendingException();
}
@Then("The user wants to click on pay now button")
public void the_user_wants_to_click_on_pay_now_button() {
    // Write code here that turns the phrase above into concrete actions
    throw new io.cucumber.java.PendingException();
}
@Then("The user wants to verify message as {string}")
public void the_user_wants_to_verify_message_as(String string) {
    // Write code here that turns the phrase above into concrete actions
    throw new io.cucumber.java.PendingException();
}

]]></error>
    <system-out><![CDATA[
@Regression
Scenario Outline: Verify the various quantity                                     &amp#27;[90m# src/test/resources/Lab06.feature:49&amp#27;[0m
  &amp#27;[33mGiven &amp#27;[0m&amp#27;[33mThe user wants to go to Guru99Demo web page&amp#27;[0m
  &amp#27;[36mWhen &amp#27;[0m&amp#27;[36mThe user wants to verify the header "Mother Elephant With Babies Soft Toy"&amp#27;[0m
  &amp#27;[36mThen &amp#27;[0m&amp#27;[36mThe user wants to verify that the toy price is "Price: $20"&amp#27;[0m
  &amp#27;[36mThen &amp#27;[0m&amp#27;[36mThe user wants to verify that Url contains "payment-gateway"&amp#27;[0m
  &amp#27;[36mAnd &amp#27;[0m&amp#27;[36mThe user wants to add new "9"&amp#27;[0m
  &amp#27;[36mAnd &amp#27;[0m&amp#27;[36mThe user wants to enter payment information as&amp#27;[0m
    | CardNumber      | 5823698521478522 |
    | ExpirationMonth | 05               |
    | ExpirationYear  | 2028             |
    | CVVCode         | 256              |
  &amp#27;[36mThen &amp#27;[0m&amp#27;[36mThe user wants to click on pay now button&amp#27;[0m
  &amp#27;[36mAnd &amp#27;[0m&amp#27;[36mThe user wants to verify message as "Payment successfull!"&amp#27;[0m
]]></system-out>
  </testcase>
  <testcase name="Verify the various quantity #4" classname="Payment Gateway Functional Test" time="0.018">
    <error message="The step &apos;The user wants to go to Guru99Demo web page&apos; and 7 other step(s) are undefined.&#10;You can implement these steps using the snippet(s) below:&#10;&#10;@Given(&quot;The user wants to go to Guru99Demo web page&quot;)&#10;public void the_user_wants_to_go_to_guru99demo_web_page() {&#10;    // Write code here that turns the phrase above into concrete actions&#10;    throw new io.cucumber.java.PendingException();&#10;}&#10;@When(&quot;The user wants to verify the header {string}&quot;)&#10;public void the_user_wants_to_verify_the_header(String string) {&#10;    // Write code here that turns the phrase above into concrete actions&#10;    throw new io.cucumber.java.PendingException();&#10;}&#10;@Then(&quot;The user wants to verify that the toy price is {string}&quot;)&#10;public void the_user_wants_to_verify_that_the_toy_price_is(String string) {&#10;    // Write code here that turns the phrase above into concrete actions&#10;    throw new io.cucumber.java.PendingException();&#10;}&#10;@Then(&quot;The user wants to verify that Url contains {string}&quot;)&#10;public void the_user_wants_to_verify_that_url_contains(String string) {&#10;    // Write code here that turns the phrase above into concrete actions&#10;    throw new io.cucumber.java.PendingException();&#10;}&#10;@Then(&quot;The user wants to add new {string}&quot;)&#10;public void the_user_wants_to_add_new(String string) {&#10;    // Write code here that turns the phrase above into concrete actions&#10;    throw new io.cucumber.java.PendingException();&#10;}&#10;@Then(&quot;The user wants to enter payment information as&quot;)&#10;public void the_user_wants_to_enter_payment_information_as(io.cucumber.datatable.DataTable dataTable) {&#10;    // Write code here that turns the phrase above into concrete actions&#10;    // For automatic transformation, change DataTable to one of&#10;    // E, List&lt;E&gt;, List&lt;List&lt;E&gt;&gt;, List&lt;Map&lt;K,V&gt;&gt;, Map&lt;K,V&gt; or&#10;    // Map&lt;K, List&lt;V&gt;&gt;. E,K,V must be a String, Integer, Float,&#10;    // Double, Byte, Short, Long, BigInteger or BigDecimal.&#10;    //&#10;    // For other transformations you can register a DataTableType.&#10;    throw new io.cucumber.java.PendingException();&#10;}&#10;@Then(&quot;The user wants to click on pay now button&quot;)&#10;public void the_user_wants_to_click_on_pay_now_button() {&#10;    // Write code here that turns the phrase above into concrete actions&#10;    throw new io.cucumber.java.PendingException();&#10;}&#10;@Then(&quot;The user wants to verify message as {string}&quot;)&#10;public void the_user_wants_to_verify_message_as(String string) {&#10;    // Write code here that turns the phrase above into concrete actions&#10;    throw new io.cucumber.java.PendingException();&#10;}&#10;" type="io.cucumber.junit.UndefinedStepException"><![CDATA[io.cucumber.junit.UndefinedStepException: 
The step 'The user wants to go to Guru99Demo web page' and 7 other step(s) are undefined.
You can implement these steps using the snippet(s) below:

@Given("The user wants to go to Guru99Demo web page")
public void the_user_wants_to_go_to_guru99demo_web_page() {
    // Write code here that turns the phrase above into concrete actions
    throw new io.cucumber.java.PendingException();
}
@When("The user wants to verify the header {string}")
public void the_user_wants_to_verify_the_header(String string) {
    // Write code here that turns the phrase above into concrete actions
    throw new io.cucumber.java.PendingException();
}
@Then("The user wants to verify that the toy price is {string}")
public void the_user_wants_to_verify_that_the_toy_price_is(String string) {
    // Write code here that turns the phrase above into concrete actions
    throw new io.cucumber.java.PendingException();
}
@Then("The user wants to verify that Url contains {string}")
public void the_user_wants_to_verify_that_url_contains(String string) {
    // Write code here that turns the phrase above into concrete actions
    throw new io.cucumber.java.PendingException();
}
@Then("The user wants to add new {string}")
public void the_user_wants_to_add_new(String string) {
    // Write code here that turns the phrase above into concrete actions
    throw new io.cucumber.java.PendingException();
}
@Then("The user wants to enter payment information as")
public void the_user_wants_to_enter_payment_information_as(io.cucumber.datatable.DataTable dataTable) {
    // Write code here that turns the phrase above into concrete actions
    // For automatic transformation, change DataTable to one of
    // E, List<E>, List<List<E>>, List<Map<K,V>>, Map<K,V> or
    // Map<K, List<V>>. E,K,V must be a String, Integer, Float,
    // Double, Byte, Short, Long, BigInteger or BigDecimal.
    //
    // For other transformations you can register a DataTableType.
    throw new io.cucumber.java.PendingException();
}
@Then("The user wants to click on pay now button")
public void the_user_wants_to_click_on_pay_now_button() {
    // Write code here that turns the phrase above into concrete actions
    throw new io.cucumber.java.PendingException();
}
@Then("The user wants to verify message as {string}")
public void the_user_wants_to_verify_message_as(String string) {
    // Write code here that turns the phrase above into concrete actions
    throw new io.cucumber.java.PendingException();
}

]]></error>
    <system-out><![CDATA[
@Regression
Scenario Outline: Verify the various quantity                                     &amp#27;[90m# src/test/resources/Lab06.feature:50&amp#27;[0m
  &amp#27;[33mGiven &amp#27;[0m&amp#27;[33mThe user wants to go to Guru99Demo web page&amp#27;[0m
  &amp#27;[36mWhen &amp#27;[0m&amp#27;[36mThe user wants to verify the header "Mother Elephant With Babies Soft Toy"&amp#27;[0m
  &amp#27;[36mThen &amp#27;[0m&amp#27;[36mThe user wants to verify that the toy price is "Price: $20"&amp#27;[0m
  &amp#27;[36mThen &amp#27;[0m&amp#27;[36mThe user wants to verify that Url contains "payment-gateway"&amp#27;[0m
  &amp#27;[36mAnd &amp#27;[0m&amp#27;[36mThe user wants to add new "2"&amp#27;[0m
  &amp#27;[36mAnd &amp#27;[0m&amp#27;[36mThe user wants to enter payment information as&amp#27;[0m
    | CardNumber      | 5823698521478522 |
    | ExpirationMonth | 05               |
    | ExpirationYear  | 2028             |
    | CVVCode         | 256              |
  &amp#27;[36mThen &amp#27;[0m&amp#27;[36mThe user wants to click on pay now button&amp#27;[0m
  &amp#27;[36mAnd &amp#27;[0m&amp#27;[36mThe user wants to verify message as "Payment successfull!"&amp#27;[0m
]]></system-out>
  </testcase>
  <testcase name="Verify the various quantity #5" classname="Payment Gateway Functional Test" time="0.011">
    <error message="The step &apos;The user wants to go to Guru99Demo web page&apos; and 7 other step(s) are undefined.&#10;You can implement these steps using the snippet(s) below:&#10;&#10;@Given(&quot;The user wants to go to Guru99Demo web page&quot;)&#10;public void the_user_wants_to_go_to_guru99demo_web_page() {&#10;    // Write code here that turns the phrase above into concrete actions&#10;    throw new io.cucumber.java.PendingException();&#10;}&#10;@When(&quot;The user wants to verify the header {string}&quot;)&#10;public void the_user_wants_to_verify_the_header(String string) {&#10;    // Write code here that turns the phrase above into concrete actions&#10;    throw new io.cucumber.java.PendingException();&#10;}&#10;@Then(&quot;The user wants to verify that the toy price is {string}&quot;)&#10;public void the_user_wants_to_verify_that_the_toy_price_is(String string) {&#10;    // Write code here that turns the phrase above into concrete actions&#10;    throw new io.cucumber.java.PendingException();&#10;}&#10;@Then(&quot;The user wants to verify that Url contains {string}&quot;)&#10;public void the_user_wants_to_verify_that_url_contains(String string) {&#10;    // Write code here that turns the phrase above into concrete actions&#10;    throw new io.cucumber.java.PendingException();&#10;}&#10;@Then(&quot;The user wants to add new {string}&quot;)&#10;public void the_user_wants_to_add_new(String string) {&#10;    // Write code here that turns the phrase above into concrete actions&#10;    throw new io.cucumber.java.PendingException();&#10;}&#10;@Then(&quot;The user wants to enter payment information as&quot;)&#10;public void the_user_wants_to_enter_payment_information_as(io.cucumber.datatable.DataTable dataTable) {&#10;    // Write code here that turns the phrase above into concrete actions&#10;    // For automatic transformation, change DataTable to one of&#10;    // E, List&lt;E&gt;, List&lt;List&lt;E&gt;&gt;, List&lt;Map&lt;K,V&gt;&gt;, Map&lt;K,V&gt; or&#10;    // Map&lt;K, List&lt;V&gt;&gt;. E,K,V must be a String, Integer, Float,&#10;    // Double, Byte, Short, Long, BigInteger or BigDecimal.&#10;    //&#10;    // For other transformations you can register a DataTableType.&#10;    throw new io.cucumber.java.PendingException();&#10;}&#10;@Then(&quot;The user wants to click on pay now button&quot;)&#10;public void the_user_wants_to_click_on_pay_now_button() {&#10;    // Write code here that turns the phrase above into concrete actions&#10;    throw new io.cucumber.java.PendingException();&#10;}&#10;@Then(&quot;The user wants to verify message as {string}&quot;)&#10;public void the_user_wants_to_verify_message_as(String string) {&#10;    // Write code here that turns the phrase above into concrete actions&#10;    throw new io.cucumber.java.PendingException();&#10;}&#10;" type="io.cucumber.junit.UndefinedStepException"><![CDATA[io.cucumber.junit.UndefinedStepException: 
The step 'The user wants to go to Guru99Demo web page' and 7 other step(s) are undefined.
You can implement these steps using the snippet(s) below:

@Given("The user wants to go to Guru99Demo web page")
public void the_user_wants_to_go_to_guru99demo_web_page() {
    // Write code here that turns the phrase above into concrete actions
    throw new io.cucumber.java.PendingException();
}
@When("The user wants to verify the header {string}")
public void the_user_wants_to_verify_the_header(String string) {
    // Write code here that turns the phrase above into concrete actions
    throw new io.cucumber.java.PendingException();
}
@Then("The user wants to verify that the toy price is {string}")
public void the_user_wants_to_verify_that_the_toy_price_is(String string) {
    // Write code here that turns the phrase above into concrete actions
    throw new io.cucumber.java.PendingException();
}
@Then("The user wants to verify that Url contains {string}")
public void the_user_wants_to_verify_that_url_contains(String string) {
    // Write code here that turns the phrase above into concrete actions
    throw new io.cucumber.java.PendingException();
}
@Then("The user wants to add new {string}")
public void the_user_wants_to_add_new(String string) {
    // Write code here that turns the phrase above into concrete actions
    throw new io.cucumber.java.PendingException();
}
@Then("The user wants to enter payment information as")
public void the_user_wants_to_enter_payment_information_as(io.cucumber.datatable.DataTable dataTable) {
    // Write code here that turns the phrase above into concrete actions
    // For automatic transformation, change DataTable to one of
    // E, List<E>, List<List<E>>, List<Map<K,V>>, Map<K,V> or
    // Map<K, List<V>>. E,K,V must be a String, Integer, Float,
    // Double, Byte, Short, Long, BigInteger or BigDecimal.
    //
    // For other transformations you can register a DataTableType.
    throw new io.cucumber.java.PendingException();
}
@Then("The user wants to click on pay now button")
public void the_user_wants_to_click_on_pay_now_button() {
    // Write code here that turns the phrase above into concrete actions
    throw new io.cucumber.java.PendingException();
}
@Then("The user wants to verify message as {string}")
public void the_user_wants_to_verify_message_as(String string) {
    // Write code here that turns the phrase above into concrete actions
    throw new io.cucumber.java.PendingException();
}

]]></error>
    <system-out><![CDATA[
@Regression
Scenario Outline: Verify the various quantity                                     &amp#27;[90m# src/test/resources/Lab06.feature:51&amp#27;[0m
  &amp#27;[33mGiven &amp#27;[0m&amp#27;[33mThe user wants to go to Guru99Demo web page&amp#27;[0m
  &amp#27;[36mWhen &amp#27;[0m&amp#27;[36mThe user wants to verify the header "Mother Elephant With Babies Soft Toy"&amp#27;[0m
  &amp#27;[36mThen &amp#27;[0m&amp#27;[36mThe user wants to verify that the toy price is "Price: $20"&amp#27;[0m
  &amp#27;[36mThen &amp#27;[0m&amp#27;[36mThe user wants to verify that Url contains "payment-gateway"&amp#27;[0m
  &amp#27;[36mAnd &amp#27;[0m&amp#27;[36mThe user wants to add new "4"&amp#27;[0m
  &amp#27;[36mAnd &amp#27;[0m&amp#27;[36mThe user wants to enter payment information as&amp#27;[0m
    | CardNumber      | 5823698521478522 |
    | ExpirationMonth | 05               |
    | ExpirationYear  | 2028             |
    | CVVCode         | 256              |
  &amp#27;[36mThen &amp#27;[0m&amp#27;[36mThe user wants to click on pay now button&amp#27;[0m
  &amp#27;[36mAnd &amp#27;[0m&amp#27;[36mThe user wants to verify message as "Payment successfull!"&amp#27;[0m
]]></system-out>
  </testcase>
</testsuite>